<?xml version="1.0" encoding="UTF-8"?>
<robot generator="Robot 7.3.2 (Python 3.12.6 on win32)" generated="2025-07-28T18:28:52.820236" rpa="false" schemaversion="5">
<suite id="s1" name="Test Login" source="F:\code\API\robot\tests\test_login.robot">
<kw name="Open Login Page" owner="login" type="SETUP">
<kw name="Open Browser" owner="SeleniumLibrary">
<msg time="2025-07-28T18:28:53.042570" level="INFO">Opening browser 'chrome' to base url 'http://the-internet.herokuapp.com/login'.</msg>
<arg>${LOGIN_URL}</arg>
<arg>chrome</arg>
<doc>Opens a new browser instance to the optional ``url``.</doc>
<status status="PASS" start="2025-07-28T18:28:53.042570" elapsed="4.991920"/>
</kw>
<kw name="Maximize Browser Window" owner="SeleniumLibrary">
<doc>Maximizes current browser window.</doc>
<status status="PASS" start="2025-07-28T18:28:58.034490" elapsed="0.032116"/>
</kw>
<status status="PASS" start="2025-07-28T18:28:53.041542" elapsed="5.025064"/>
</kw>
<test id="s1-t1" name="Login Success" line="8">
<kw name="Input Credentials And Submit" owner="login">
<kw name="Input Text" owner="SeleniumLibrary">
<msg time="2025-07-28T18:28:58.067603" level="INFO">Typing text 'tomsmith' into text field 'id=username'.</msg>
<arg>${USERNAME_FIELD}</arg>
<arg>${username}</arg>
<doc>Types the given ``text`` into the text field identified by ``locator``.</doc>
<status status="PASS" start="2025-07-28T18:28:58.067603" elapsed="0.073556"/>
</kw>
<kw name="Input Text" owner="SeleniumLibrary">
<msg time="2025-07-28T18:28:58.141159" level="INFO">Typing text 'SuperSecretPassword!' into text field 'id=password'.</msg>
<arg>${PASSWORD_FIELD}</arg>
<arg>${password}</arg>
<doc>Types the given ``text`` into the text field identified by ``locator``.</doc>
<status status="PASS" start="2025-07-28T18:28:58.141159" elapsed="0.064248"/>
</kw>
<kw name="Click Button" owner="SeleniumLibrary">
<msg time="2025-07-28T18:28:58.205407" level="INFO">Clicking button 'css=button.radius'.</msg>
<arg>${LOGIN_BUTTON}</arg>
<doc>Clicks the button identified by ``locator``.</doc>
<status status="PASS" start="2025-07-28T18:28:58.205407" elapsed="0.586369"/>
</kw>
<arg>tomsmith</arg>
<arg>SuperSecretPassword!</arg>
<status status="PASS" start="2025-07-28T18:28:58.067603" elapsed="0.724173"/>
</kw>
<kw name="Flash Message Should Contain" owner="login">
<kw name="Wait Until Element Contains" owner="SeleniumLibrary">
<arg>${FLASH_MESSAGE}</arg>
<arg>${expected}</arg>
<arg>timeout=5s</arg>
<doc>Waits until the element ``locator`` contains ``text``.</doc>
<status status="PASS" start="2025-07-28T18:28:58.792773" elapsed="0.024833"/>
</kw>
<kw name="Get Text" owner="SeleniumLibrary">
<msg time="2025-07-28T18:28:58.826593" level="INFO">${flash} = You logged into a secure area!
×</msg>
<var>${flash}</var>
<arg>${FLASH_MESSAGE}</arg>
<doc>Returns the text value of the element identified by ``locator``.</doc>
<status status="PASS" start="2025-07-28T18:28:58.817606" elapsed="0.008987"/>
</kw>
<kw name="Log" owner="BuiltIn">
<msg time="2025-07-28T18:28:58.826593" level="INFO">Flash Message is: You logged into a secure area!
×</msg>
<arg>Flash Message is: ${flash}</arg>
<doc>Logs the given message with the given level.</doc>
<status status="PASS" start="2025-07-28T18:28:58.826593" elapsed="0.000000"/>
</kw>
<kw name="Should Contain" owner="BuiltIn">
<arg>${flash}</arg>
<arg>${expected}</arg>
<doc>Fails if ``container`` does not contain ``item`` one or more times.</doc>
<status status="PASS" start="2025-07-28T18:28:58.826593" elapsed="0.001018"/>
</kw>
<arg>You logged into a secure area!</arg>
<status status="PASS" start="2025-07-28T18:28:58.792773" elapsed="0.034838"/>
</kw>
<kw name="Logout" owner="login">
<kw name="Click Link" owner="SeleniumLibrary">
<msg time="2025-07-28T18:28:58.827611" level="INFO">Clicking link 'Logout'.</msg>
<arg>Logout</arg>
<doc>Clicks a link identified by ``locator``.</doc>
<status status="PASS" start="2025-07-28T18:28:58.827611" elapsed="0.587469"/>
</kw>
<status status="PASS" start="2025-07-28T18:28:58.827611" elapsed="0.587469"/>
</kw>
<kw name="Flash Message Should Contain" owner="login">
<kw name="Wait Until Element Contains" owner="SeleniumLibrary">
<arg>${FLASH_MESSAGE}</arg>
<arg>${expected}</arg>
<arg>timeout=5s</arg>
<doc>Waits until the element ``locator`` contains ``text``.</doc>
<status status="PASS" start="2025-07-28T18:28:59.419068" elapsed="0.014961"/>
</kw>
<kw name="Get Text" owner="SeleniumLibrary">
<msg time="2025-07-28T18:28:59.446994" level="INFO">${flash} = You logged out of the secure area!
×</msg>
<var>${flash}</var>
<arg>${FLASH_MESSAGE}</arg>
<doc>Returns the text value of the element identified by ``locator``.</doc>
<status status="PASS" start="2025-07-28T18:28:59.434029" elapsed="0.012965"/>
</kw>
<kw name="Log" owner="BuiltIn">
<msg time="2025-07-28T18:28:59.447992" level="INFO">Flash Message is: You logged out of the secure area!
×</msg>
<arg>Flash Message is: ${flash}</arg>
<doc>Logs the given message with the given level.</doc>
<status status="PASS" start="2025-07-28T18:28:59.447992" elapsed="0.000000"/>
</kw>
<kw name="Should Contain" owner="BuiltIn">
<arg>${flash}</arg>
<arg>${expected}</arg>
<doc>Fails if ``container`` does not contain ``item`` one or more times.</doc>
<status status="PASS" start="2025-07-28T18:28:59.447992" elapsed="0.000000"/>
</kw>
<arg>You logged out of the secure area!</arg>
<status status="PASS" start="2025-07-28T18:28:59.418073" elapsed="0.029919"/>
</kw>
<status status="PASS" start="2025-07-28T18:28:58.066606" elapsed="1.382384"/>
</test>
<test id="s1-t2" name="Login Failed - Password Incorrect" line="14">
<kw name="Input Credentials And Submit" owner="login">
<kw name="Input Text" owner="SeleniumLibrary">
<msg time="2025-07-28T18:28:59.450983" level="INFO">Typing text 'tomsmith' into text field 'id=username'.</msg>
<arg>${USERNAME_FIELD}</arg>
<arg>${username}</arg>
<doc>Types the given ``text`` into the text field identified by ``locator``.</doc>
<status status="PASS" start="2025-07-28T18:28:59.449987" elapsed="0.044879"/>
</kw>
<kw name="Input Text" owner="SeleniumLibrary">
<msg time="2025-07-28T18:28:59.494866" level="INFO">Typing text 'Password!' into text field 'id=password'.</msg>
<arg>${PASSWORD_FIELD}</arg>
<arg>${password}</arg>
<doc>Types the given ``text`` into the text field identified by ``locator``.</doc>
<status status="PASS" start="2025-07-28T18:28:59.494866" elapsed="0.039812"/>
</kw>
<kw name="Click Button" owner="SeleniumLibrary">
<msg time="2025-07-28T18:28:59.534678" level="INFO">Clicking button 'css=button.radius'.</msg>
<arg>${LOGIN_BUTTON}</arg>
<doc>Clicks the button identified by ``locator``.</doc>
<status status="PASS" start="2025-07-28T18:28:59.534678" elapsed="0.041703"/>
</kw>
<arg>tomsmith</arg>
<arg>Password!</arg>
<status status="PASS" start="2025-07-28T18:28:59.449987" elapsed="0.126394"/>
</kw>
<kw name="Flash Message Should Contain" owner="login">
<kw name="Wait Until Element Contains" owner="SeleniumLibrary">
<msg time="2025-07-28T18:29:04.750448" level="INFO" html="true">&lt;/td&gt;&lt;/tr&gt;&lt;tr&gt;&lt;td colspan="3"&gt;&lt;a href="selenium-screenshot-10.png"&gt;&lt;img src="selenium-screenshot-10.png" width="800px"&gt;&lt;/a&gt;</msg>
<msg time="2025-07-28T18:29:04.750448" level="FAIL">Element 'id=flash' did not get text 'Your password is invalid!' in 5 seconds.</msg>
<arg>${FLASH_MESSAGE}</arg>
<arg>${expected}</arg>
<arg>timeout=5s</arg>
<doc>Waits until the element ``locator`` contains ``text``.</doc>
<status status="FAIL" start="2025-07-28T18:28:59.576981" elapsed="5.175462">Element 'id=flash' did not get text 'Your password is invalid!' in 5 seconds.</status>
</kw>
<kw name="Get Text" owner="SeleniumLibrary">
<var>${flash}</var>
<arg>${FLASH_MESSAGE}</arg>
<doc>Returns the text value of the element identified by ``locator``.</doc>
<status status="NOT RUN" start="2025-07-28T18:29:04.752443" elapsed="0.000000"/>
</kw>
<kw name="Log" owner="BuiltIn">
<arg>Flash Message is: ${flash}</arg>
<doc>Logs the given message with the given level.</doc>
<status status="NOT RUN" start="2025-07-28T18:29:04.753440" elapsed="0.000000"/>
</kw>
<kw name="Should Contain" owner="BuiltIn">
<arg>${flash}</arg>
<arg>${expected}</arg>
<doc>Fails if ``container`` does not contain ``item`` one or more times.</doc>
<status status="NOT RUN" start="2025-07-28T18:29:04.753440" elapsed="0.000000"/>
</kw>
<arg>Your password is invalid!</arg>
<status status="FAIL" start="2025-07-28T18:28:59.576981" elapsed="5.176459">Element 'id=flash' did not get text 'Your password is invalid!' in 5 seconds.</status>
</kw>
<status status="FAIL" start="2025-07-28T18:28:59.448990" elapsed="5.305450">Element 'id=flash' did not get text 'Your password is invalid!' in 5 seconds.</status>
</test>
<test id="s1-t3" name="Login Failed - Username Not Found" line="18">
<kw name="Input Credentials And Submit" owner="login">
<kw name="Input Text" owner="SeleniumLibrary">
<msg time="2025-07-28T18:29:04.755435" level="INFO">Typing text 'tomholland' into text field 'id=username'.</msg>
<arg>${USERNAME_FIELD}</arg>
<arg>${username}</arg>
<doc>Types the given ``text`` into the text field identified by ``locator``.</doc>
<status status="PASS" start="2025-07-28T18:29:04.755435" elapsed="0.065823"/>
</kw>
<kw name="Input Text" owner="SeleniumLibrary">
<msg time="2025-07-28T18:29:04.822258" level="INFO">Typing text 'Password!' into text field 'id=password'.</msg>
<arg>${PASSWORD_FIELD}</arg>
<arg>${password}</arg>
<doc>Types the given ``text`` into the text field identified by ``locator``.</doc>
<status status="PASS" start="2025-07-28T18:29:04.821258" elapsed="0.064329"/>
</kw>
<kw name="Click Button" owner="SeleniumLibrary">
<msg time="2025-07-28T18:29:04.886630" level="INFO">Clicking button 'css=button.radius'.</msg>
<arg>${LOGIN_BUTTON}</arg>
<doc>Clicks the button identified by ``locator``.</doc>
<status status="PASS" start="2025-07-28T18:29:04.886630" elapsed="0.059835"/>
</kw>
<arg>tomholland</arg>
<arg>Password!</arg>
<status status="PASS" start="2025-07-28T18:29:04.755435" elapsed="0.191030"/>
</kw>
<kw name="Flash Message Should Contain" owner="login">
<kw name="Wait Until Element Contains" owner="SeleniumLibrary">
<msg time="2025-07-28T18:29:10.103497" level="INFO" html="true">&lt;/td&gt;&lt;/tr&gt;&lt;tr&gt;&lt;td colspan="3"&gt;&lt;a href="selenium-screenshot-11.png"&gt;&lt;img src="selenium-screenshot-11.png" width="800px"&gt;&lt;/a&gt;</msg>
<msg time="2025-07-28T18:29:10.103497" level="FAIL">Element 'id=flash' did not get text 'Your username is invalid!' in 5 seconds.</msg>
<arg>${FLASH_MESSAGE}</arg>
<arg>${expected}</arg>
<arg>timeout=5s</arg>
<doc>Waits until the element ``locator`` contains ``text``.</doc>
<status status="FAIL" start="2025-07-28T18:29:04.947463" elapsed="5.156034">Element 'id=flash' did not get text 'Your username is invalid!' in 5 seconds.</status>
</kw>
<kw name="Get Text" owner="SeleniumLibrary">
<var>${flash}</var>
<arg>${FLASH_MESSAGE}</arg>
<doc>Returns the text value of the element identified by ``locator``.</doc>
<status status="NOT RUN" start="2025-07-28T18:29:10.103497" elapsed="0.000000"/>
</kw>
<kw name="Log" owner="BuiltIn">
<arg>Flash Message is: ${flash}</arg>
<doc>Logs the given message with the given level.</doc>
<status status="NOT RUN" start="2025-07-28T18:29:10.104493" elapsed="0.000000"/>
</kw>
<kw name="Should Contain" owner="BuiltIn">
<arg>${flash}</arg>
<arg>${expected}</arg>
<doc>Fails if ``container`` does not contain ``item`` one or more times.</doc>
<status status="NOT RUN" start="2025-07-28T18:29:10.104493" elapsed="0.000000"/>
</kw>
<arg>Your username is invalid!</arg>
<status status="FAIL" start="2025-07-28T18:29:04.947463" elapsed="5.157030">Element 'id=flash' did not get text 'Your username is invalid!' in 5 seconds.</status>
</kw>
<status status="FAIL" start="2025-07-28T18:29:04.754440" elapsed="5.350053">Element 'id=flash' did not get text 'Your username is invalid!' in 5 seconds.</status>
</test>
<kw name="Close Browser" owner="SeleniumLibrary" type="TEARDOWN">
<doc>Closes the current browser.</doc>
<status status="PASS" start="2025-07-28T18:29:10.105491" elapsed="2.139278"/>
</kw>
<status status="FAIL" start="2025-07-28T18:28:52.821234" elapsed="19.423535"/>
</suite>
<statistics>
<total>
<stat pass="1" fail="2" skip="0">All Tests</stat>
</total>
<tag>
</tag>
<suite>
<stat name="Test Login" id="s1" pass="1" fail="2" skip="0">Test Login</stat>
</suite>
</statistics>
<errors>
</errors>
</robot>
